[debug] [2022-12-25T13:36:32.016Z] ----------------------------------------------------------------------
[debug] [2022-12-25T13:36:32.018Z] Command:       /Users/yogeverez/.nvm/versions/node/v18.12.1/bin/node /Users/yogeverez/.nvm/versions/node/v18.12.1/bin/firebase deploy --only functions
[debug] [2022-12-25T13:36:32.018Z] CLI Version:   11.19.0
[debug] [2022-12-25T13:36:32.018Z] Platform:      darwin
[debug] [2022-12-25T13:36:32.018Z] Node Version:  v18.12.1
[debug] [2022-12-25T13:36:32.019Z] Time:          Sun Dec 25 2022 15:36:32 GMT+0200 (Israel Standard Time)
[debug] [2022-12-25T13:36:32.019Z] ----------------------------------------------------------------------
[debug] 
[debug] [2022-12-25T13:36:32.071Z] > command requires scopes: ["email","openid","https://www.googleapis.com/auth/cloudplatformprojects.readonly","https://www.googleapis.com/auth/firebase","https://www.googleapis.com/auth/cloud-platform"]
[debug] [2022-12-25T13:36:32.071Z] > authorizing via signed-in user (yogev@looka.app)
[debug] [2022-12-25T13:36:32.071Z] [iam] checking project lighting-mirrors-dev for permissions ["cloudfunctions.functions.create","cloudfunctions.functions.delete","cloudfunctions.functions.get","cloudfunctions.functions.list","cloudfunctions.functions.update","cloudfunctions.operations.get","firebase.projects.get"]
[debug] [2022-12-25T13:36:32.073Z] >>> [apiv2][query] POST https://cloudresourcemanager.googleapis.com/v1/projects/lighting-mirrors-dev:testIamPermissions [none]
[debug] [2022-12-25T13:36:32.073Z] >>> [apiv2][(partial)header] POST https://cloudresourcemanager.googleapis.com/v1/projects/lighting-mirrors-dev:testIamPermissions x-goog-quota-user=projects/lighting-mirrors-dev
[debug] [2022-12-25T13:36:32.073Z] >>> [apiv2][body] POST https://cloudresourcemanager.googleapis.com/v1/projects/lighting-mirrors-dev:testIamPermissions {"permissions":["cloudfunctions.functions.create","cloudfunctions.functions.delete","cloudfunctions.functions.get","cloudfunctions.functions.list","cloudfunctions.functions.update","cloudfunctions.operations.get","firebase.projects.get"]}
[debug] [2022-12-25T13:36:33.120Z] <<< [apiv2][status] POST https://cloudresourcemanager.googleapis.com/v1/projects/lighting-mirrors-dev:testIamPermissions 200
[debug] [2022-12-25T13:36:33.121Z] <<< [apiv2][body] POST https://cloudresourcemanager.googleapis.com/v1/projects/lighting-mirrors-dev:testIamPermissions {"permissions":["cloudfunctions.functions.create","cloudfunctions.functions.delete","cloudfunctions.functions.get","cloudfunctions.functions.list","cloudfunctions.functions.update","cloudfunctions.operations.get","firebase.projects.get"]}
[debug] [2022-12-25T13:36:33.121Z] >>> [apiv2][query] POST https://iam.googleapis.com/v1/projects/lighting-mirrors-dev/serviceAccounts/lighting-mirrors-dev@appspot.gserviceaccount.com:testIamPermissions [none]
[debug] [2022-12-25T13:36:33.121Z] >>> [apiv2][body] POST https://iam.googleapis.com/v1/projects/lighting-mirrors-dev/serviceAccounts/lighting-mirrors-dev@appspot.gserviceaccount.com:testIamPermissions {"permissions":["iam.serviceAccounts.actAs"]}
[debug] [2022-12-25T13:36:33.982Z] <<< [apiv2][status] POST https://iam.googleapis.com/v1/projects/lighting-mirrors-dev/serviceAccounts/lighting-mirrors-dev@appspot.gserviceaccount.com:testIamPermissions 200
[debug] [2022-12-25T13:36:33.982Z] <<< [apiv2][body] POST https://iam.googleapis.com/v1/projects/lighting-mirrors-dev/serviceAccounts/lighting-mirrors-dev@appspot.gserviceaccount.com:testIamPermissions {"permissions":["iam.serviceAccounts.actAs"]}
[info] 
[info] === Deploying to 'lighting-mirrors-dev'...
[info] 
[info] i  deploying functions 
[debug] [2022-12-25T13:36:33.984Z] >>> [apiv2][query] GET https://firebase.googleapis.com/v1beta1/projects/lighting-mirrors-dev [none]
[debug] [2022-12-25T13:36:34.276Z] <<< [apiv2][status] GET https://firebase.googleapis.com/v1beta1/projects/lighting-mirrors-dev 200
[debug] [2022-12-25T13:36:34.276Z] <<< [apiv2][body] GET https://firebase.googleapis.com/v1beta1/projects/lighting-mirrors-dev {"projectId":"lighting-mirrors-dev","projectNumber":"70401480227","displayName":"lighting-mirrors-dev","name":"projects/lighting-mirrors-dev","resources":{"hostingSite":"lighting-mirrors-dev","storageBucket":"lighting-mirrors-dev.appspot.com","locationId":"europe-central2"},"state":"ACTIVE","etag":"1_d9bb8817-0ff0-4c0c-9178-b534e6635557"}
[info] i  functions: preparing codebase default for deployment 
[info] i  functions: ensuring required API cloudfunctions.googleapis.com is enabled... 
[info] i  functions: ensuring required API cloudbuild.googleapis.com is enabled... 
[info] i  artifactregistry: ensuring required API artifactregistry.googleapis.com is enabled... 
[debug] [2022-12-25T13:36:34.277Z] >>> [apiv2][query] GET https://serviceusage.googleapis.com/v1/projects/lighting-mirrors-dev/services/cloudfunctions.googleapis.com [none]
[debug] [2022-12-25T13:36:34.277Z] >>> [apiv2][(partial)header] GET https://serviceusage.googleapis.com/v1/projects/lighting-mirrors-dev/services/cloudfunctions.googleapis.com x-goog-quota-user=projects/lighting-mirrors-dev
[debug] [2022-12-25T13:36:34.278Z] >>> [apiv2][query] GET https://serviceusage.googleapis.com/v1/projects/lighting-mirrors-dev/services/runtimeconfig.googleapis.com [none]
[debug] [2022-12-25T13:36:34.278Z] >>> [apiv2][(partial)header] GET https://serviceusage.googleapis.com/v1/projects/lighting-mirrors-dev/services/runtimeconfig.googleapis.com x-goog-quota-user=projects/lighting-mirrors-dev
[debug] [2022-12-25T13:36:34.279Z] >>> [apiv2][query] GET https://serviceusage.googleapis.com/v1/projects/lighting-mirrors-dev/services/cloudbuild.googleapis.com [none]
[debug] [2022-12-25T13:36:34.280Z] >>> [apiv2][(partial)header] GET https://serviceusage.googleapis.com/v1/projects/lighting-mirrors-dev/services/cloudbuild.googleapis.com x-goog-quota-user=projects/lighting-mirrors-dev
[debug] [2022-12-25T13:36:34.280Z] >>> [apiv2][query] GET https://serviceusage.googleapis.com/v1/projects/lighting-mirrors-dev/services/artifactregistry.googleapis.com [none]
[debug] [2022-12-25T13:36:34.280Z] >>> [apiv2][(partial)header] GET https://serviceusage.googleapis.com/v1/projects/lighting-mirrors-dev/services/artifactregistry.googleapis.com x-goog-quota-user=projects/lighting-mirrors-dev
[debug] [2022-12-25T13:36:35.393Z] <<< [apiv2][status] GET https://serviceusage.googleapis.com/v1/projects/lighting-mirrors-dev/services/runtimeconfig.googleapis.com 200
[debug] [2022-12-25T13:36:35.393Z] <<< [apiv2][body] GET https://serviceusage.googleapis.com/v1/projects/lighting-mirrors-dev/services/runtimeconfig.googleapis.com [omitted]
[debug] [2022-12-25T13:36:35.394Z] <<< [apiv2][status] GET https://serviceusage.googleapis.com/v1/projects/lighting-mirrors-dev/services/artifactregistry.googleapis.com 200
[debug] [2022-12-25T13:36:35.394Z] <<< [apiv2][body] GET https://serviceusage.googleapis.com/v1/projects/lighting-mirrors-dev/services/artifactregistry.googleapis.com [omitted]
[info] ✔  artifactregistry: required API artifactregistry.googleapis.com is enabled 
[debug] [2022-12-25T13:36:35.399Z] <<< [apiv2][status] GET https://serviceusage.googleapis.com/v1/projects/lighting-mirrors-dev/services/cloudfunctions.googleapis.com 200
[debug] [2022-12-25T13:36:35.399Z] <<< [apiv2][body] GET https://serviceusage.googleapis.com/v1/projects/lighting-mirrors-dev/services/cloudfunctions.googleapis.com [omitted]
[info] ✔  functions: required API cloudfunctions.googleapis.com is enabled 
[debug] [2022-12-25T13:36:35.411Z] <<< [apiv2][status] GET https://serviceusage.googleapis.com/v1/projects/lighting-mirrors-dev/services/cloudbuild.googleapis.com 200
[debug] [2022-12-25T13:36:35.411Z] <<< [apiv2][body] GET https://serviceusage.googleapis.com/v1/projects/lighting-mirrors-dev/services/cloudbuild.googleapis.com [omitted]
[info] ✔  functions: required API cloudbuild.googleapis.com is enabled 
[debug] [2022-12-25T13:36:35.412Z] >>> [apiv2][query] GET https://firebase.googleapis.com/v1beta1/projects/lighting-mirrors-dev/adminSdkConfig [none]
[debug] [2022-12-25T13:36:35.701Z] <<< [apiv2][status] GET https://firebase.googleapis.com/v1beta1/projects/lighting-mirrors-dev/adminSdkConfig 200
[debug] [2022-12-25T13:36:35.701Z] <<< [apiv2][body] GET https://firebase.googleapis.com/v1beta1/projects/lighting-mirrors-dev/adminSdkConfig {"projectId":"lighting-mirrors-dev","storageBucket":"lighting-mirrors-dev.appspot.com","locationId":"europe-central2"}
[debug] [2022-12-25T13:36:35.701Z] >>> [apiv2][query] GET https://runtimeconfig.googleapis.com/v1beta1/projects/lighting-mirrors-dev/configs [none]
[debug] [2022-12-25T13:36:35.993Z] <<< [apiv2][status] GET https://runtimeconfig.googleapis.com/v1beta1/projects/lighting-mirrors-dev/configs 200
[debug] [2022-12-25T13:36:35.993Z] <<< [apiv2][body] GET https://runtimeconfig.googleapis.com/v1beta1/projects/lighting-mirrors-dev/configs {}
[debug] [2022-12-25T13:36:35.994Z] Validating nodejs source
[debug] [2022-12-25T13:36:36.503Z] > [functions] package.json contents: {
  "name": "functions",
  "description": "Cloud Functions for Firebase",
  "type": "module",
  "scripts": {
    "serve": "firebase emulators:start --only functions",
    "shell": "firebase functions:shell",
    "start": "npm run shell",
    "deploy": "firebase deploy --only functions",
    "logs": "firebase functions:log"
  },
  "engines": {
    "node": "16"
  },
  "main": "index.js",
  "dependencies": {
    "cross-fetch": "^3.1.5",
    "firebase-admin": "^10.0.2",
    "firebase-functions": "^4.1.1"
  },
  "devDependencies": {
    "firebase-functions-test": "^0.2.0"
  },
  "private": true
}
[debug] [2022-12-25T13:36:36.503Z] Building nodejs source
[debug] [2022-12-25T13:36:36.504Z] Could not find functions.yaml. Must use http discovery
[debug] [2022-12-25T13:36:36.680Z] Serving at port 9005

[debug] [2022-12-25T13:36:37.022Z] Got response from /__/functions.yaml {"endpoints":{"getapikeydetails":{"platform":"gcfv1","labels":{},"availableMemoryMb":null,"timeoutSeconds":null,"minInstances":null,"maxInstances":null,"ingressSettings":null,"serviceAccountEmail":null,"vpc":null,"callableTrigger":{},"entryPoint":"getapikeydetails"},"getpaymenturl":{"platform":"gcfv1","labels":{},"availableMemoryMb":null,"timeoutSeconds":null,"minInstances":null,"maxInstances":null,"ingressSettings":null,"serviceAccountEmail":null,"vpc":null,"callableTrigger":{},"entryPoint":"getpaymenturl"},"sendOrderPdf":{"platform":"gcfv1","availableMemoryMb":null,"timeoutSeconds":null,"minInstances":null,"maxInstances":null,"ingressSettings":null,"serviceAccountEmail":null,"vpc":null,"eventTrigger":{"eventType":"google.storage.object.finalize","eventFilters":{"resource":"projects/_/buckets/lighting-mirrors-dev.appspot.com"},"retry":false},"labels":{},"entryPoint":"sendOrderPdf"}},"specVersion":"v1alpha1","requiredAPIs":[]}
[debug] [2022-12-25T13:36:37.029Z] shutdown requested via /__/quitquitquit

[info] i  functions: preparing functions directory for uploading... 
[info] i  functions: packaged /Users/yogeverez/apps/lighting-mirrors/functions (58.79 KB) for uploading 
[debug] [2022-12-25T13:36:37.081Z] >>> [apiv2][query] GET https://cloudfunctions.googleapis.com/v1/projects/lighting-mirrors-dev/locations/-/functions [none]
[debug] [2022-12-25T13:36:37.630Z] <<< [apiv2][status] GET https://cloudfunctions.googleapis.com/v1/projects/lighting-mirrors-dev/locations/-/functions 200
[debug] [2022-12-25T13:36:37.630Z] <<< [apiv2][body] GET https://cloudfunctions.googleapis.com/v1/projects/lighting-mirrors-dev/locations/-/functions {"functions":[{"name":"projects/lighting-mirrors-dev/locations/us-central1/functions/ext-firestore-send-email-processQueue","description":"Processes document changes in the specified Cloud Firestore collection, delivers emails, and updates the document with delivery status information.","sourceArchiveUrl":"gs://firebase-mod-sources-prod/b4a3169a9855e315917c21c4c2ccba74a74159ead72d6242350fd5ff2281ee9d","eventTrigger":{"eventType":"providers/cloud.firestore/eventTypes/document.write","resource":"projects/lighting-mirrors-dev/databases/(default)/documents/mails/{id}","service":"firestore.googleapis.com","failurePolicy":{}},"status":"ACTIVE","entryPoint":"processQueue","timeout":"60s","availableMemoryMb":256,"serviceAccountEmail":"ext-firestore-send-email@lighting-mirrors-dev.iam.gserviceaccount.com","updateTime":"2022-12-25T06:50:09.931Z","versionId":"2","labels":{"firebase-extensions-ar":"enabled","goog-dm":"firebase-ext-firestore-send-email","goog-firebase-ext":"firestore-send-email","deployment-tool":"firebase-extensions","goog-firebase-ext-iid":"firestore-send-email"},"environmentVariables":{"DATABASE_INSTANCE":"","DATABASE_URL":"","DEFAULT_FROM":"yogev@looka.app","EXT_INSTANCE_ID":"firestore-send-email","FIREBASE_CONFIG":"{\"projectId\":\"lighting-mirrors-dev\",\"databaseURL\":\"\",\"storageBucket\":\"lighting-mirrors-dev.appspot.com\"}","LOCATION":"us-central1","MAIL_COLLECTION":"mails","PROJECT_ID":"lighting-mirrors-dev","SMTP_CONNECTION_URI":"smtp://yogev@looka.app:rqccbadzfgacbiwx@smtp.gmail.com:587","STORAGE_BUCKET":"lighting-mirrors-dev.appspot.com"},"runtime":"nodejs14","maxInstances":3000,"ingressSettings":"ALLOW_INTERNAL_ONLY","buildId":"db498d4b-ca08-4bd6-8588-81e7fa327c23","buildName":"projects/70401480227/locations/us-central1/builds/db498d4b-ca08-4bd6-8588-81e7fa327c23","dockerRegistry":"ARTIFACT_REGISTRY"},{"name":"projects/lighting-mirrors-dev/locations/us-central1/functions/getapikeydetails","httpsTrigger":{"url":"https://us-central1-lighting-mirrors-dev.cloudfunctions.net/getapikeydetails","securityLevel":"SECURE_ALWAYS"},"status":"ACTIVE","entryPoint":"getapikeydetails","timeout":"60s","availableMemoryMb":256,"updateTime":"2022-12-25T13:35:04.722Z","versionId":"22","labels":{"deployment-tool":"cli-firebase","deployment-callable":"true","firebase-functions-hash":"54c8fc2c97af777b125e7bb43353b6a1d3eab7d1"},"sourceUploadUrl":"https://storage.googleapis.com/uploads-526370379064.us-central1.cloudfunctions.appspot.com/bab46538-17c1-46e4-a41a-34a54128e2f0.zip","environmentVariables":{"FIREBASE_CONFIG":"{\"projectId\":\"lighting-mirrors-dev\",\"storageBucket\":\"lighting-mirrors-dev.appspot.com\",\"locationId\":\"europe-central2\"}","GCLOUD_PROJECT":"lighting-mirrors-dev","EVENTARC_CLOUD_EVENT_SOURCE":"projects/lighting-mirrors-dev/locations/us-central1/functions/sendOrderPdf"},"runtime":"nodejs16","ingressSettings":"ALLOW_ALL","buildId":"b0c23a88-3f8b-443b-824e-4d143958b44c","buildName":"projects/70401480227/locations/us-central1/builds/b0c23a88-3f8b-443b-824e-4d143958b44c","dockerRegistry":"ARTIFACT_REGISTRY"},{"name":"projects/lighting-mirrors-dev/locations/us-central1/functions/getpaymenturl","httpsTrigger":{"url":"https://us-central1-lighting-mirrors-dev.cloudfunctions.net/getpaymenturl","securityLevel":"SECURE_ALWAYS"},"status":"ACTIVE","entryPoint":"getpaymenturl","timeout":"60s","availableMemoryMb":256,"updateTime":"2022-12-25T13:35:15.120Z","versionId":"22","labels":{"deployment-tool":"cli-firebase","deployment-callable":"true","firebase-functions-hash":"54c8fc2c97af777b125e7bb43353b6a1d3eab7d1"},"sourceUploadUrl":"https://storage.googleapis.com/uploads-526370379064.us-central1.cloudfunctions.appspot.com/bab46538-17c1-46e4-a41a-34a54128e2f0.zip","environmentVariables":{"FIREBASE_CONFIG":"{\"projectId\":\"lighting-mirrors-dev\",\"storageBucket\":\"lighting-mirrors-dev.appspot.com\",\"locationId\":\"europe-central2\"}","GCLOUD_PROJECT":"lighting-mirrors-dev","EVENTARC_CLOUD_EVENT_SOURCE":"projects/lighting-mirrors-dev/locations/us-central1/functions/sendOrderPdf"},"runtime":"nodejs16","ingressSettings":"ALLOW_ALL","buildId":"b0c23a88-3f8b-443b-824e-4d143958b44c","buildName":"projects/70401480227/locations/us-central1/builds/b0c23a88-3f8b-443b-824e-4d143958b44c","dockerRegistry":"ARTIFACT_REGISTRY"},{"name":"projects/lighting-mirrors-dev/locations/us-central1/functions/sendOrderPdf","eventTrigger":{"eventType":"google.storage.object.finalize","resource":"projects/_/buckets/lighting-mirrors-dev.appspot.com","service":"storage.googleapis.com","failurePolicy":{}},"status":"ACTIVE","entryPoint":"sendOrderPdf","timeout":"60s","availableMemoryMb":256,"serviceAccountEmail":"lighting-mirrors-dev@appspot.gserviceaccount.com","updateTime":"2022-12-25T13:35:14.107Z","versionId":"3","labels":{"deployment-tool":"cli-firebase","firebase-functions-hash":"54c8fc2c97af777b125e7bb43353b6a1d3eab7d1"},"sourceUploadUrl":"https://storage.googleapis.com/uploads-526370379064.us-central1.cloudfunctions.appspot.com/bab46538-17c1-46e4-a41a-34a54128e2f0.zip","environmentVariables":{"FIREBASE_CONFIG":"{\"projectId\":\"lighting-mirrors-dev\",\"storageBucket\":\"lighting-mirrors-dev.appspot.com\",\"locationId\":\"europe-central2\"}","GCLOUD_PROJECT":"lighting-mirrors-dev","EVENTARC_CLOUD_EVENT_SOURCE":"projects/lighting-mirrors-dev/locations/us-central1/functions/sendOrderPdf"},"runtime":"nodejs16","maxInstances":3000,"ingressSettings":"ALLOW_ALL","buildId":"b0c23a88-3f8b-443b-824e-4d143958b44c","buildName":"projects/70401480227/locations/us-central1/builds/b0c23a88-3f8b-443b-824e-4d143958b44c","dockerRegistry":"ARTIFACT_REGISTRY"}]}
[debug] [2022-12-25T13:36:37.631Z] >>> [apiv2][query] GET https://cloudfunctions.googleapis.com/v2/projects/lighting-mirrors-dev/locations/-/functions filter=environment%3D%22GEN_2%22
[debug] [2022-12-25T13:36:38.669Z] <<< [apiv2][status] GET https://cloudfunctions.googleapis.com/v2/projects/lighting-mirrors-dev/locations/-/functions 200
[debug] [2022-12-25T13:36:38.669Z] <<< [apiv2][body] GET https://cloudfunctions.googleapis.com/v2/projects/lighting-mirrors-dev/locations/-/functions {}
[debug] [2022-12-25T13:36:38.675Z] >>> [apiv2][query] GET https://firebase.googleapis.com/v1beta1/projects/lighting-mirrors-dev [none]
[debug] [2022-12-25T13:36:38.976Z] <<< [apiv2][status] GET https://firebase.googleapis.com/v1beta1/projects/lighting-mirrors-dev 200
[debug] [2022-12-25T13:36:38.977Z] <<< [apiv2][body] GET https://firebase.googleapis.com/v1beta1/projects/lighting-mirrors-dev {"projectId":"lighting-mirrors-dev","projectNumber":"70401480227","displayName":"lighting-mirrors-dev","name":"projects/lighting-mirrors-dev","resources":{"hostingSite":"lighting-mirrors-dev","storageBucket":"lighting-mirrors-dev.appspot.com","locationId":"europe-central2"},"state":"ACTIVE","etag":"1_d9bb8817-0ff0-4c0c-9178-b534e6635557"}
[debug] [2022-12-25T13:36:38.977Z] >>> [apiv2][query] GET https://firebase.googleapis.com/v1beta1/projects/lighting-mirrors-dev [none]
[debug] [2022-12-25T13:36:39.361Z] <<< [apiv2][status] GET https://firebase.googleapis.com/v1beta1/projects/lighting-mirrors-dev 200
[debug] [2022-12-25T13:36:39.361Z] <<< [apiv2][body] GET https://firebase.googleapis.com/v1beta1/projects/lighting-mirrors-dev {"projectId":"lighting-mirrors-dev","projectNumber":"70401480227","displayName":"lighting-mirrors-dev","name":"projects/lighting-mirrors-dev","resources":{"hostingSite":"lighting-mirrors-dev","storageBucket":"lighting-mirrors-dev.appspot.com","locationId":"europe-central2"},"state":"ACTIVE","etag":"1_d9bb8817-0ff0-4c0c-9178-b534e6635557"}
[debug] [2022-12-25T13:36:39.361Z] >>> [apiv2][query] GET https://firebase.googleapis.com/v1beta1/projects/lighting-mirrors-dev [none]
[debug] [2022-12-25T13:36:39.633Z] <<< [apiv2][status] GET https://firebase.googleapis.com/v1beta1/projects/lighting-mirrors-dev 200
[debug] [2022-12-25T13:36:39.634Z] <<< [apiv2][body] GET https://firebase.googleapis.com/v1beta1/projects/lighting-mirrors-dev {"projectId":"lighting-mirrors-dev","projectNumber":"70401480227","displayName":"lighting-mirrors-dev","name":"projects/lighting-mirrors-dev","resources":{"hostingSite":"lighting-mirrors-dev","storageBucket":"lighting-mirrors-dev.appspot.com","locationId":"europe-central2"},"state":"ACTIVE","etag":"1_d9bb8817-0ff0-4c0c-9178-b534e6635557"}
[debug] [2022-12-25T13:36:39.634Z] >>> [apiv2][query] GET https://firebase.googleapis.com/v1beta1/projects/lighting-mirrors-dev [none]
[debug] [2022-12-25T13:36:39.976Z] <<< [apiv2][status] GET https://firebase.googleapis.com/v1beta1/projects/lighting-mirrors-dev 200
[debug] [2022-12-25T13:36:39.976Z] <<< [apiv2][body] GET https://firebase.googleapis.com/v1beta1/projects/lighting-mirrors-dev {"projectId":"lighting-mirrors-dev","projectNumber":"70401480227","displayName":"lighting-mirrors-dev","name":"projects/lighting-mirrors-dev","resources":{"hostingSite":"lighting-mirrors-dev","storageBucket":"lighting-mirrors-dev.appspot.com","locationId":"europe-central2"},"state":"ACTIVE","etag":"1_d9bb8817-0ff0-4c0c-9178-b534e6635557"}
[debug] [2022-12-25T13:36:39.976Z] >>> [apiv2][query] GET https://firebase.googleapis.com/v1beta1/projects/lighting-mirrors-dev [none]
[debug] [2022-12-25T13:36:40.284Z] <<< [apiv2][status] GET https://firebase.googleapis.com/v1beta1/projects/lighting-mirrors-dev 200
[debug] [2022-12-25T13:36:40.284Z] <<< [apiv2][body] GET https://firebase.googleapis.com/v1beta1/projects/lighting-mirrors-dev {"projectId":"lighting-mirrors-dev","projectNumber":"70401480227","displayName":"lighting-mirrors-dev","name":"projects/lighting-mirrors-dev","resources":{"hostingSite":"lighting-mirrors-dev","storageBucket":"lighting-mirrors-dev.appspot.com","locationId":"europe-central2"},"state":"ACTIVE","etag":"1_d9bb8817-0ff0-4c0c-9178-b534e6635557"}
[debug] [2022-12-25T13:36:40.285Z] >>> [apiv2][query] POST https://cloudfunctions.googleapis.com/v1/projects/lighting-mirrors-dev/locations/us-central1/functions:generateUploadUrl [none]
[debug] [2022-12-25T13:36:40.285Z] >>> [apiv2][body] POST https://cloudfunctions.googleapis.com/v1/projects/lighting-mirrors-dev/locations/us-central1/functions:generateUploadUrl {}
[debug] [2022-12-25T13:36:40.950Z] <<< [apiv2][status] POST https://cloudfunctions.googleapis.com/v1/projects/lighting-mirrors-dev/locations/us-central1/functions:generateUploadUrl 200
[debug] [2022-12-25T13:36:40.951Z] <<< [apiv2][body] POST https://cloudfunctions.googleapis.com/v1/projects/lighting-mirrors-dev/locations/us-central1/functions:generateUploadUrl {"uploadUrl":"https://storage.googleapis.com/uploads-526370379064.us-central1.cloudfunctions.appspot.com/e0c27929-566c-4bfa-ab21-583e4a752e4c.zip?GoogleAccessId=service-70401480227@gcf-admin-robot.iam.gserviceaccount.com&Expires=1671977200&Signature=AeG1NHXxHdIgR058CxaiWO7dQNuxKXXC7UZ%2FfJ8%2FHGtS5btzrPWoovCUO8TNGyDcOWOL9yyUIzbEdzQT59KzkScqT1FwKPQ6uu7BZTOlHE6cCh%2B201TDLCRU%2F3ptcNXGp550c53YVBAzL7ErdWPAN39DY%2BVoOKA%2B6ihhH%2Bn66soA5rC%2B5S%2ByF9MjQ%2Bs9LbmUNa3A4UY4DI47UFbjcBqSveBQ3k13LLi%2Fj2Cv%2FkL%2BchQT779f68JxJwHsvsAGEysVnTlhgZHX90qtSq1jTxSHaE%2B6KanJTHCuag5oNxm7UXCE4Mn6FzFp7GXLWtNjXxBNiXxjGjONgb4nOuGZPcBtEA%3D%3D"}
[debug] [2022-12-25T13:36:40.951Z] >>> [apiv2][query] PUT https://storage.googleapis.com/uploads-526370379064.us-central1.cloudfunctions.appspot.com/e0c27929-566c-4bfa-ab21-583e4a752e4c.zip GoogleAccessId=service-70401480227%40gcf-admin-robot.iam.gserviceaccount.com&Expires=1671977200&Signature=AeG1NHXxHdIgR058CxaiWO7dQNuxKXXC7UZ%2FfJ8%2FHGtS5btzrPWoovCUO8TNGyDcOWOL9yyUIzbEdzQT59KzkScqT1FwKPQ6uu7BZTOlHE6cCh%2B201TDLCRU%2F3ptcNXGp550c53YVBAzL7ErdWPAN39DY%2BVoOKA%2B6ihhH%2Bn66soA5rC%2B5S%2ByF9MjQ%2Bs9LbmUNa3A4UY4DI47UFbjcBqSveBQ3k13LLi%2Fj2Cv%2FkL%2BchQT779f68JxJwHsvsAGEysVnTlhgZHX90qtSq1jTxSHaE%2B6KanJTHCuag5oNxm7UXCE4Mn6FzFp7GXLWtNjXxBNiXxjGjONgb4nOuGZPcBtEA%3D%3D
[debug] [2022-12-25T13:36:40.951Z] >>> [apiv2][body] PUT https://storage.googleapis.com/uploads-526370379064.us-central1.cloudfunctions.appspot.com/e0c27929-566c-4bfa-ab21-583e4a752e4c.zip [stream]
[debug] [2022-12-25T13:36:41.285Z] <<< [apiv2][status] PUT https://storage.googleapis.com/uploads-526370379064.us-central1.cloudfunctions.appspot.com/e0c27929-566c-4bfa-ab21-583e4a752e4c.zip 200
[debug] [2022-12-25T13:36:41.285Z] <<< [apiv2][body] PUT https://storage.googleapis.com/uploads-526370379064.us-central1.cloudfunctions.appspot.com/e0c27929-566c-4bfa-ab21-583e4a752e4c.zip [omitted]
[info] ✔  functions: functions folder uploaded successfully 
[info] i  functions: updating Node.js 16 function getapikeydetails(us-central1)... 
[info] i  functions: updating Node.js 16 function getpaymenturl(us-central1)... 
[info] i  functions: updating Node.js 16 function sendOrderPdf(us-central1)... 
[debug] [2022-12-25T13:36:41.290Z] >>> [apiv2][query] PATCH https://cloudfunctions.googleapis.com/v1/projects/lighting-mirrors-dev/locations/us-central1/functions/getapikeydetails updateMask=name%2CsourceUploadUrl%2CentryPoint%2Cruntime%2CdockerRegistry%2Clabels%2ChttpsTrigger.securityLevel%2CminInstances%2CmaxInstances%2CingressSettings%2CenvironmentVariables%2CserviceAccountEmail%2CavailableMemoryMb%2Ctimeout%2CvpcConnector%2CvpcConnectorEgressSettings%2CsourceToken
[debug] [2022-12-25T13:36:41.291Z] >>> [apiv2][body] PATCH https://cloudfunctions.googleapis.com/v1/projects/lighting-mirrors-dev/locations/us-central1/functions/getapikeydetails {"name":"projects/lighting-mirrors-dev/locations/us-central1/functions/getapikeydetails","sourceUploadUrl":"https://storage.googleapis.com/uploads-526370379064.us-central1.cloudfunctions.appspot.com/e0c27929-566c-4bfa-ab21-583e4a752e4c.zip?GoogleAccessId=service-70401480227@gcf-admin-robot.iam.gserviceaccount.com&Expires=1671977200&Signature=AeG1NHXxHdIgR058CxaiWO7dQNuxKXXC7UZ%2FfJ8%2FHGtS5btzrPWoovCUO8TNGyDcOWOL9yyUIzbEdzQT59KzkScqT1FwKPQ6uu7BZTOlHE6cCh%2B201TDLCRU%2F3ptcNXGp550c53YVBAzL7ErdWPAN39DY%2BVoOKA%2B6ihhH%2Bn66soA5rC%2B5S%2ByF9MjQ%2Bs9LbmUNa3A4UY4DI47UFbjcBqSveBQ3k13LLi%2Fj2Cv%2FkL%2BchQT779f68JxJwHsvsAGEysVnTlhgZHX90qtSq1jTxSHaE%2B6KanJTHCuag5oNxm7UXCE4Mn6FzFp7GXLWtNjXxBNiXxjGjONgb4nOuGZPcBtEA%3D%3D","entryPoint":"getapikeydetails","runtime":"nodejs16","dockerRegistry":"ARTIFACT_REGISTRY","labels":{"deployment-tool":"cli-firebase","deployment-callable":"true","firebase-functions-hash":"0f0d4222748b6c963ada648feeca2a10868e14bd"},"httpsTrigger":{"securityLevel":"SECURE_ALWAYS"},"minInstances":null,"maxInstances":null,"ingressSettings":null,"environmentVariables":{"FIREBASE_CONFIG":"{\"projectId\":\"lighting-mirrors-dev\",\"storageBucket\":\"lighting-mirrors-dev.appspot.com\",\"locationId\":\"europe-central2\"}","GCLOUD_PROJECT":"lighting-mirrors-dev","EVENTARC_CLOUD_EVENT_SOURCE":"projects/lighting-mirrors-dev/locations/us-central1/functions/sendOrderPdf"},"serviceAccountEmail":null,"availableMemoryMb":null,"timeout":null,"vpcConnector":null,"vpcConnectorEgressSettings":null}
[debug] [2022-12-25T13:36:41.823Z] <<< [apiv2][status] PATCH https://cloudfunctions.googleapis.com/v1/projects/lighting-mirrors-dev/locations/us-central1/functions/getapikeydetails 200
[debug] [2022-12-25T13:36:41.824Z] <<< [apiv2][body] PATCH https://cloudfunctions.googleapis.com/v1/projects/lighting-mirrors-dev/locations/us-central1/functions/getapikeydetails {"name":"operations/bGlnaHRpbmctbWlycm9ycy1kZXYvdXMtY2VudHJhbDEvZ2V0YXBpa2V5ZGV0YWlscy9NX0FxSHluUnNmbw","metadata":{"@type":"type.googleapis.com/google.cloud.functions.v1.OperationMetadataV1","target":"projects/lighting-mirrors-dev/locations/us-central1/functions/getapikeydetails","type":"UPDATE_FUNCTION","request":{"@type":"type.googleapis.com/google.cloud.functions.v1.CloudFunction","name":"projects/lighting-mirrors-dev/locations/us-central1/functions/getapikeydetails","httpsTrigger":{"url":"https://us-central1-lighting-mirrors-dev.cloudfunctions.net/getapikeydetails","securityLevel":"SECURE_ALWAYS"},"status":"ACTIVE","entryPoint":"getapikeydetails","updateTime":"2022-12-25T13:35:04.722Z","versionId":"22","labels":{"deployment-tool":"cli-firebase","deployment-callable":"true","firebase-functions-hash":"0f0d4222748b6c963ada648feeca2a10868e14bd"},"sourceUploadUrl":"https://storage.googleapis.com/uploads-526370379064.us-central1.cloudfunctions.appspot.com/e0c27929-566c-4bfa-ab21-583e4a752e4c.zip?GoogleAccessId=service-70401480227@gcf-admin-robot.iam.gserviceaccount.com&Expires=1671977200&Signature=AeG1NHXxHdIgR058CxaiWO7dQNuxKXXC7UZ%2FfJ8%2FHGtS5btzrPWoovCUO8TNGyDcOWOL9yyUIzbEdzQT59KzkScqT1FwKPQ6uu7BZTOlHE6cCh%2B201TDLCRU%2F3ptcNXGp550c53YVBAzL7ErdWPAN39DY%2BVoOKA%2B6ihhH%2Bn66soA5rC%2B5S%2ByF9MjQ%2Bs9LbmUNa3A4UY4DI47UFbjcBqSveBQ3k13LLi%2Fj2Cv%2FkL%2BchQT779f68JxJwHsvsAGEysVnTlhgZHX90qtSq1jTxSHaE%2B6KanJTHCuag5oNxm7UXCE4Mn6FzFp7GXLWtNjXxBNiXxjGjONgb4nOuGZPcBtEA%3D%3D","environmentVariables":{"FIREBASE_CONFIG":"{\"projectId\":\"lighting-mirrors-dev\",\"storageBucket\":\"lighting-mirrors-dev.appspot.com\",\"locationId\":\"europe-central2\"}","GCLOUD_PROJECT":"lighting-mirrors-dev","EVENTARC_CLOUD_EVENT_SOURCE":"projects/lighting-mirrors-dev/locations/us-central1/functions/sendOrderPdf"},"runtime":"nodejs16","buildId":"b0c23a88-3f8b-443b-824e-4d143958b44c","buildName":"projects/70401480227/locations/us-central1/builds/b0c23a88-3f8b-443b-824e-4d143958b44c","dockerRegistry":"ARTIFACT_REGISTRY"},"versionId":"23","updateTime":"2022-12-25T13:36:41Z"}}
[debug] [2022-12-25T13:36:41.824Z] >>> [apiv2][query] GET https://cloudfunctions.googleapis.com/v1/operations/bGlnaHRpbmctbWlycm9ycy1kZXYvdXMtY2VudHJhbDEvZ2V0YXBpa2V5ZGV0YWlscy9NX0FxSHluUnNmbw [none]
[debug] [2022-12-25T13:36:42.227Z] <<< [apiv2][status] GET https://cloudfunctions.googleapis.com/v1/operations/bGlnaHRpbmctbWlycm9ycy1kZXYvdXMtY2VudHJhbDEvZ2V0YXBpa2V5ZGV0YWlscy9NX0FxSHluUnNmbw 200
[debug] [2022-12-25T13:36:42.227Z] <<< [apiv2][body] GET https://cloudfunctions.googleapis.com/v1/operations/bGlnaHRpbmctbWlycm9ycy1kZXYvdXMtY2VudHJhbDEvZ2V0YXBpa2V5ZGV0YWlscy9NX0FxSHluUnNmbw {"name":"operations/bGlnaHRpbmctbWlycm9ycy1kZXYvdXMtY2VudHJhbDEvZ2V0YXBpa2V5ZGV0YWlscy9NX0FxSHluUnNmbw","metadata":{"@type":"type.googleapis.com/google.cloud.functions.v1.OperationMetadataV1","target":"projects/lighting-mirrors-dev/locations/us-central1/functions/getapikeydetails","type":"UPDATE_FUNCTION","request":{"@type":"type.googleapis.com/google.cloud.functions.v1.CloudFunction","name":"projects/lighting-mirrors-dev/locations/us-central1/functions/getapikeydetails","httpsTrigger":{"url":"https://us-central1-lighting-mirrors-dev.cloudfunctions.net/getapikeydetails","securityLevel":"SECURE_ALWAYS"},"status":"ACTIVE","entryPoint":"getapikeydetails","updateTime":"2022-12-25T13:35:04.722Z","versionId":"22","labels":{"deployment-tool":"cli-firebase","deployment-callable":"true","firebase-functions-hash":"0f0d4222748b6c963ada648feeca2a10868e14bd"},"sourceUploadUrl":"https://storage.googleapis.com/uploads-526370379064.us-central1.cloudfunctions.appspot.com/e0c27929-566c-4bfa-ab21-583e4a752e4c.zip?GoogleAccessId=service-70401480227@gcf-admin-robot.iam.gserviceaccount.com&Expires=1671977200&Signature=AeG1NHXxHdIgR058CxaiWO7dQNuxKXXC7UZ%2FfJ8%2FHGtS5btzrPWoovCUO8TNGyDcOWOL9yyUIzbEdzQT59KzkScqT1FwKPQ6uu7BZTOlHE6cCh%2B201TDLCRU%2F3ptcNXGp550c53YVBAzL7ErdWPAN39DY%2BVoOKA%2B6ihhH%2Bn66soA5rC%2B5S%2ByF9MjQ%2Bs9LbmUNa3A4UY4DI47UFbjcBqSveBQ3k13LLi%2Fj2Cv%2FkL%2BchQT779f68JxJwHsvsAGEysVnTlhgZHX90qtSq1jTxSHaE%2B6KanJTHCuag5oNxm7UXCE4Mn6FzFp7GXLWtNjXxBNiXxjGjONgb4nOuGZPcBtEA%3D%3D","environmentVariables":{"FIREBASE_CONFIG":"{\"projectId\":\"lighting-mirrors-dev\",\"storageBucket\":\"lighting-mirrors-dev.appspot.com\",\"locationId\":\"europe-central2\"}","GCLOUD_PROJECT":"lighting-mirrors-dev","EVENTARC_CLOUD_EVENT_SOURCE":"projects/lighting-mirrors-dev/locations/us-central1/functions/sendOrderPdf"},"runtime":"nodejs16","buildId":"b0c23a88-3f8b-443b-824e-4d143958b44c","buildName":"projects/70401480227/locations/us-central1/builds/b0c23a88-3f8b-443b-824e-4d143958b44c","dockerRegistry":"ARTIFACT_REGISTRY"},"versionId":"23","updateTime":"2022-12-25T13:36:42Z"}}
[debug] [2022-12-25T13:36:42.730Z] [update-default-us-central1-getapikeydetails] Retrying task index 0
[debug] [2022-12-25T13:36:42.731Z] >>> [apiv2][query] GET https://cloudfunctions.googleapis.com/v1/operations/bGlnaHRpbmctbWlycm9ycy1kZXYvdXMtY2VudHJhbDEvZ2V0YXBpa2V5ZGV0YWlscy9NX0FxSHluUnNmbw [none]
[debug] [2022-12-25T13:36:43.047Z] <<< [apiv2][status] GET https://cloudfunctions.googleapis.com/v1/operations/bGlnaHRpbmctbWlycm9ycy1kZXYvdXMtY2VudHJhbDEvZ2V0YXBpa2V5ZGV0YWlscy9NX0FxSHluUnNmbw 200
[debug] [2022-12-25T13:36:43.047Z] <<< [apiv2][body] GET https://cloudfunctions.googleapis.com/v1/operations/bGlnaHRpbmctbWlycm9ycy1kZXYvdXMtY2VudHJhbDEvZ2V0YXBpa2V5ZGV0YWlscy9NX0FxSHluUnNmbw {"name":"operations/bGlnaHRpbmctbWlycm9ycy1kZXYvdXMtY2VudHJhbDEvZ2V0YXBpa2V5ZGV0YWlscy9NX0FxSHluUnNmbw","metadata":{"@type":"type.googleapis.com/google.cloud.functions.v1.OperationMetadataV1","target":"projects/lighting-mirrors-dev/locations/us-central1/functions/getapikeydetails","type":"UPDATE_FUNCTION","request":{"@type":"type.googleapis.com/google.cloud.functions.v1.CloudFunction","name":"projects/lighting-mirrors-dev/locations/us-central1/functions/getapikeydetails","httpsTrigger":{"url":"https://us-central1-lighting-mirrors-dev.cloudfunctions.net/getapikeydetails","securityLevel":"SECURE_ALWAYS"},"status":"ACTIVE","entryPoint":"getapikeydetails","updateTime":"2022-12-25T13:35:04.722Z","versionId":"22","labels":{"deployment-tool":"cli-firebase","deployment-callable":"true","firebase-functions-hash":"0f0d4222748b6c963ada648feeca2a10868e14bd"},"sourceUploadUrl":"https://storage.googleapis.com/uploads-526370379064.us-central1.cloudfunctions.appspot.com/e0c27929-566c-4bfa-ab21-583e4a752e4c.zip?GoogleAccessId=service-70401480227@gcf-admin-robot.iam.gserviceaccount.com&Expires=1671977200&Signature=AeG1NHXxHdIgR058CxaiWO7dQNuxKXXC7UZ%2FfJ8%2FHGtS5btzrPWoovCUO8TNGyDcOWOL9yyUIzbEdzQT59KzkScqT1FwKPQ6uu7BZTOlHE6cCh%2B201TDLCRU%2F3ptcNXGp550c53YVBAzL7ErdWPAN39DY%2BVoOKA%2B6ihhH%2Bn66soA5rC%2B5S%2ByF9MjQ%2Bs9LbmUNa3A4UY4DI47UFbjcBqSveBQ3k13LLi%2Fj2Cv%2FkL%2BchQT779f68JxJwHsvsAGEysVnTlhgZHX90qtSq1jTxSHaE%2B6KanJTHCuag5oNxm7UXCE4Mn6FzFp7GXLWtNjXxBNiXxjGjONgb4nOuGZPcBtEA%3D%3D","environmentVariables":{"FIREBASE_CONFIG":"{\"projectId\":\"lighting-mirrors-dev\",\"storageBucket\":\"lighting-mirrors-dev.appspot.com\",\"locationId\":\"europe-central2\"}","GCLOUD_PROJECT":"lighting-mirrors-dev","EVENTARC_CLOUD_EVENT_SOURCE":"projects/lighting-mirrors-dev/locations/us-central1/functions/sendOrderPdf"},"runtime":"nodejs16","buildId":"b0c23a88-3f8b-443b-824e-4d143958b44c","buildName":"projects/70401480227/locations/us-central1/builds/b0c23a88-3f8b-443b-824e-4d143958b44c","dockerRegistry":"ARTIFACT_REGISTRY"},"versionId":"23","updateTime":"2022-12-25T13:36:42Z","buildId":"fa531ba1-4ec4-4877-bfcb-99c01d4295e0","buildName":"projects/70401480227/locations/us-central1/builds/fa531ba1-4ec4-4877-bfcb-99c01d4295e0"}}
[debug] [2022-12-25T13:36:44.052Z] [update-default-us-central1-getapikeydetails] Retrying task index 0
[debug] [2022-12-25T13:36:44.052Z] >>> [apiv2][query] GET https://cloudfunctions.googleapis.com/v1/operations/bGlnaHRpbmctbWlycm9ycy1kZXYvdXMtY2VudHJhbDEvZ2V0YXBpa2V5ZGV0YWlscy9NX0FxSHluUnNmbw [none]
[debug] [2022-12-25T13:36:44.382Z] <<< [apiv2][status] GET https://cloudfunctions.googleapis.com/v1/operations/bGlnaHRpbmctbWlycm9ycy1kZXYvdXMtY2VudHJhbDEvZ2V0YXBpa2V5ZGV0YWlscy9NX0FxSHluUnNmbw 200
[debug] [2022-12-25T13:36:44.382Z] <<< [apiv2][body] GET https://cloudfunctions.googleapis.com/v1/operations/bGlnaHRpbmctbWlycm9ycy1kZXYvdXMtY2VudHJhbDEvZ2V0YXBpa2V5ZGV0YWlscy9NX0FxSHluUnNmbw {"name":"operations/bGlnaHRpbmctbWlycm9ycy1kZXYvdXMtY2VudHJhbDEvZ2V0YXBpa2V5ZGV0YWlscy9NX0FxSHluUnNmbw","metadata":{"@type":"type.googleapis.com/google.cloud.functions.v1.OperationMetadataV1","target":"projects/lighting-mirrors-dev/locations/us-central1/functions/getapikeydetails","type":"UPDATE_FUNCTION","request":{"@type":"type.googleapis.com/google.cloud.functions.v1.CloudFunction","name":"projects/lighting-mirrors-dev/locations/us-central1/functions/getapikeydetails","httpsTrigger":{"url":"https://us-central1-lighting-mirrors-dev.cloudfunctions.net/getapikeydetails","securityLevel":"SECURE_ALWAYS"},"status":"ACTIVE","entryPoint":"getapikeydetails","updateTime":"2022-12-25T13:35:04.722Z","versionId":"22","labels":{"deployment-tool":"cli-firebase","deployment-callable":"true","firebase-functions-hash":"0f0d4222748b6c963ada648feeca2a10868e14bd"},"sourceUploadUrl":"https://storage.googleapis.com/uploads-526370379064.us-central1.cloudfunctions.appspot.com/e0c27929-566c-4bfa-ab21-583e4a752e4c.zip?GoogleAccessId=service-70401480227@gcf-admin-robot.iam.gserviceaccount.com&Expires=1671977200&Signature=AeG1NHXxHdIgR058CxaiWO7dQNuxKXXC7UZ%2FfJ8%2FHGtS5btzrPWoovCUO8TNGyDcOWOL9yyUIzbEdzQT59KzkScqT1FwKPQ6uu7BZTOlHE6cCh%2B201TDLCRU%2F3ptcNXGp550c53YVBAzL7ErdWPAN39DY%2BVoOKA%2B6ihhH%2Bn66soA5rC%2B5S%2ByF9MjQ%2Bs9LbmUNa3A4UY4DI47UFbjcBqSveBQ3k13LLi%2Fj2Cv%2FkL%2BchQT779f68JxJwHsvsAGEysVnTlhgZHX90qtSq1jTxSHaE%2B6KanJTHCuag5oNxm7UXCE4Mn6FzFp7GXLWtNjXxBNiXxjGjONgb4nOuGZPcBtEA%3D%3D","environmentVariables":{"FIREBASE_CONFIG":"{\"projectId\":\"lighting-mirrors-dev\",\"storageBucket\":\"lighting-mirrors-dev.appspot.com\",\"locationId\":\"europe-central2\"}","GCLOUD_PROJECT":"lighting-mirrors-dev","EVENTARC_CLOUD_EVENT_SOURCE":"projects/lighting-mirrors-dev/locations/us-central1/functions/sendOrderPdf"},"runtime":"nodejs16","buildId":"b0c23a88-3f8b-443b-824e-4d143958b44c","buildName":"projects/70401480227/locations/us-central1/builds/b0c23a88-3f8b-443b-824e-4d143958b44c","dockerRegistry":"ARTIFACT_REGISTRY"},"versionId":"23","updateTime":"2022-12-25T13:36:42Z","buildId":"fa531ba1-4ec4-4877-bfcb-99c01d4295e0","buildName":"projects/70401480227/locations/us-central1/builds/fa531ba1-4ec4-4877-bfcb-99c01d4295e0"}}
[debug] [2022-12-25T13:36:46.384Z] [update-default-us-central1-getapikeydetails] Retrying task index 0
[debug] [2022-12-25T13:36:46.384Z] >>> [apiv2][query] GET https://cloudfunctions.googleapis.com/v1/operations/bGlnaHRpbmctbWlycm9ycy1kZXYvdXMtY2VudHJhbDEvZ2V0YXBpa2V5ZGV0YWlscy9NX0FxSHluUnNmbw [none]
[debug] [2022-12-25T13:36:46.993Z] <<< [apiv2][status] GET https://cloudfunctions.googleapis.com/v1/operations/bGlnaHRpbmctbWlycm9ycy1kZXYvdXMtY2VudHJhbDEvZ2V0YXBpa2V5ZGV0YWlscy9NX0FxSHluUnNmbw 200
[debug] [2022-12-25T13:36:46.993Z] <<< [apiv2][body] GET https://cloudfunctions.googleapis.com/v1/operations/bGlnaHRpbmctbWlycm9ycy1kZXYvdXMtY2VudHJhbDEvZ2V0YXBpa2V5ZGV0YWlscy9NX0FxSHluUnNmbw {"name":"operations/bGlnaHRpbmctbWlycm9ycy1kZXYvdXMtY2VudHJhbDEvZ2V0YXBpa2V5ZGV0YWlscy9NX0FxSHluUnNmbw","metadata":{"@type":"type.googleapis.com/google.cloud.functions.v1.OperationMetadataV1","target":"projects/lighting-mirrors-dev/locations/us-central1/functions/getapikeydetails","type":"UPDATE_FUNCTION","request":{"@type":"type.googleapis.com/google.cloud.functions.v1.CloudFunction","name":"projects/lighting-mirrors-dev/locations/us-central1/functions/getapikeydetails","httpsTrigger":{"url":"https://us-central1-lighting-mirrors-dev.cloudfunctions.net/getapikeydetails","securityLevel":"SECURE_ALWAYS"},"status":"ACTIVE","entryPoint":"getapikeydetails","updateTime":"2022-12-25T13:35:04.722Z","versionId":"22","labels":{"deployment-tool":"cli-firebase","deployment-callable":"true","firebase-functions-hash":"0f0d4222748b6c963ada648feeca2a10868e14bd"},"sourceUploadUrl":"https://storage.googleapis.com/uploads-526370379064.us-central1.cloudfunctions.appspot.com/e0c27929-566c-4bfa-ab21-583e4a752e4c.zip?GoogleAccessId=service-70401480227@gcf-admin-robot.iam.gserviceaccount.com&Expires=1671977200&Signature=AeG1NHXxHdIgR058CxaiWO7dQNuxKXXC7UZ%2FfJ8%2FHGtS5btzrPWoovCUO8TNGyDcOWOL9yyUIzbEdzQT59KzkScqT1FwKPQ6uu7BZTOlHE6cCh%2B201TDLCRU%2F3ptcNXGp550c53YVBAzL7ErdWPAN39DY%2BVoOKA%2B6ihhH%2Bn66soA5rC%2B5S%2ByF9MjQ%2Bs9LbmUNa3A4UY4DI47UFbjcBqSveBQ3k13LLi%2Fj2Cv%2FkL%2BchQT779f68JxJwHsvsAGEysVnTlhgZHX90qtSq1jTxSHaE%2B6KanJTHCuag5oNxm7UXCE4Mn6FzFp7GXLWtNjXxBNiXxjGjONgb4nOuGZPcBtEA%3D%3D","environmentVariables":{"FIREBASE_CONFIG":"{\"projectId\":\"lighting-mirrors-dev\",\"storageBucket\":\"lighting-mirrors-dev.appspot.com\",\"locationId\":\"europe-central2\"}","GCLOUD_PROJECT":"lighting-mirrors-dev","EVENTARC_CLOUD_EVENT_SOURCE":"projects/lighting-mirrors-dev/locations/us-central1/functions/sendOrderPdf"},"runtime":"nodejs16","buildId":"b0c23a88-3f8b-443b-824e-4d143958b44c","buildName":"projects/70401480227/locations/us-central1/builds/b0c23a88-3f8b-443b-824e-4d143958b44c","dockerRegistry":"ARTIFACT_REGISTRY"},"versionId":"23","updateTime":"2022-12-25T13:36:42Z","buildId":"fa531ba1-4ec4-4877-bfcb-99c01d4295e0","buildName":"projects/70401480227/locations/us-central1/builds/fa531ba1-4ec4-4877-bfcb-99c01d4295e0"}}
[debug] [2022-12-25T13:36:50.996Z] [update-default-us-central1-getapikeydetails] Retrying task index 0
[debug] [2022-12-25T13:36:50.997Z] >>> [apiv2][query] GET https://cloudfunctions.googleapis.com/v1/operations/bGlnaHRpbmctbWlycm9ycy1kZXYvdXMtY2VudHJhbDEvZ2V0YXBpa2V5ZGV0YWlscy9NX0FxSHluUnNmbw [none]
[debug] [2022-12-25T13:36:51.341Z] <<< [apiv2][status] GET https://cloudfunctions.googleapis.com/v1/operations/bGlnaHRpbmctbWlycm9ycy1kZXYvdXMtY2VudHJhbDEvZ2V0YXBpa2V5ZGV0YWlscy9NX0FxSHluUnNmbw 200
[debug] [2022-12-25T13:36:51.341Z] <<< [apiv2][body] GET https://cloudfunctions.googleapis.com/v1/operations/bGlnaHRpbmctbWlycm9ycy1kZXYvdXMtY2VudHJhbDEvZ2V0YXBpa2V5ZGV0YWlscy9NX0FxSHluUnNmbw {"name":"operations/bGlnaHRpbmctbWlycm9ycy1kZXYvdXMtY2VudHJhbDEvZ2V0YXBpa2V5ZGV0YWlscy9NX0FxSHluUnNmbw","metadata":{"@type":"type.googleapis.com/google.cloud.functions.v1.OperationMetadataV1","target":"projects/lighting-mirrors-dev/locations/us-central1/functions/getapikeydetails","type":"UPDATE_FUNCTION","request":{"@type":"type.googleapis.com/google.cloud.functions.v1.CloudFunction","name":"projects/lighting-mirrors-dev/locations/us-central1/functions/getapikeydetails","httpsTrigger":{"url":"https://us-central1-lighting-mirrors-dev.cloudfunctions.net/getapikeydetails","securityLevel":"SECURE_ALWAYS"},"status":"ACTIVE","entryPoint":"getapikeydetails","updateTime":"2022-12-25T13:35:04.722Z","versionId":"22","labels":{"deployment-tool":"cli-firebase","deployment-callable":"true","firebase-functions-hash":"0f0d4222748b6c963ada648feeca2a10868e14bd"},"sourceUploadUrl":"https://storage.googleapis.com/uploads-526370379064.us-central1.cloudfunctions.appspot.com/e0c27929-566c-4bfa-ab21-583e4a752e4c.zip?GoogleAccessId=service-70401480227@gcf-admin-robot.iam.gserviceaccount.com&Expires=1671977200&Signature=AeG1NHXxHdIgR058CxaiWO7dQNuxKXXC7UZ%2FfJ8%2FHGtS5btzrPWoovCUO8TNGyDcOWOL9yyUIzbEdzQT59KzkScqT1FwKPQ6uu7BZTOlHE6cCh%2B201TDLCRU%2F3ptcNXGp550c53YVBAzL7ErdWPAN39DY%2BVoOKA%2B6ihhH%2Bn66soA5rC%2B5S%2ByF9MjQ%2Bs9LbmUNa3A4UY4DI47UFbjcBqSveBQ3k13LLi%2Fj2Cv%2FkL%2BchQT779f68JxJwHsvsAGEysVnTlhgZHX90qtSq1jTxSHaE%2B6KanJTHCuag5oNxm7UXCE4Mn6FzFp7GXLWtNjXxBNiXxjGjONgb4nOuGZPcBtEA%3D%3D","environmentVariables":{"FIREBASE_CONFIG":"{\"projectId\":\"lighting-mirrors-dev\",\"storageBucket\":\"lighting-mirrors-dev.appspot.com\",\"locationId\":\"europe-central2\"}","GCLOUD_PROJECT":"lighting-mirrors-dev","EVENTARC_CLOUD_EVENT_SOURCE":"projects/lighting-mirrors-dev/locations/us-central1/functions/sendOrderPdf"},"runtime":"nodejs16","buildId":"b0c23a88-3f8b-443b-824e-4d143958b44c","buildName":"projects/70401480227/locations/us-central1/builds/b0c23a88-3f8b-443b-824e-4d143958b44c","dockerRegistry":"ARTIFACT_REGISTRY"},"versionId":"23","updateTime":"2022-12-25T13:36:42Z","buildId":"fa531ba1-4ec4-4877-bfcb-99c01d4295e0","buildName":"projects/70401480227/locations/us-central1/builds/fa531ba1-4ec4-4877-bfcb-99c01d4295e0"}}
