[debug] [2022-10-03T12:01:08.399Z] ----------------------------------------------------------------------
[debug] [2022-10-03T12:01:08.400Z] Command:       /Users/yogeverez/.nvm/versions/node/v14.20.0/bin/node /Users/yogeverez/.nvm/versions/node/v14.20.0/bin/firebase init
[debug] [2022-10-03T12:01:08.401Z] CLI Version:   11.13.0
[debug] [2022-10-03T12:01:08.401Z] Platform:      darwin
[debug] [2022-10-03T12:01:08.401Z] Node Version:  v14.20.0
[debug] [2022-10-03T12:01:08.402Z] Time:          Mon Oct 03 2022 15:01:08 GMT+0300 (Israel Daylight Time)
[debug] [2022-10-03T12:01:08.402Z] ----------------------------------------------------------------------
[debug] 
[debug] [2022-10-03T12:01:08.409Z] > command requires scopes: ["email","openid","https://www.googleapis.com/auth/cloudplatformprojects.readonly","https://www.googleapis.com/auth/firebase","https://www.googleapis.com/auth/cloud-platform"]
[debug] [2022-10-03T12:01:08.409Z] > authorizing via signed-in user (yogev@looka.app)
[info] 
     ######## #### ########  ######## ########     ###     ######  ########
     ##        ##  ##     ## ##       ##     ##  ##   ##  ##       ##
     ######    ##  ########  ######   ########  #########  ######  ######
     ##        ##  ##    ##  ##       ##     ## ##     ##       ## ##
     ##       #### ##     ## ######## ########  ##     ##  ######  ########

You're about to initialize a Firebase project in this directory:

  /Users/yogeverez/apps/mirrors

[info] 
=== Project Setup
[info] 
[info] First, let's associate this project directory with a Firebase project.
[info] You can create multiple project aliases by running firebase use --add, 
[info] but for now we'll just set up a default project.
[info] 
[debug] [2022-10-03T12:01:33.898Z] >>> [apiv2][query] GET https://firebase.googleapis.com/v1beta1/projects pageSize=100
[debug] [2022-10-03T12:01:34.609Z] <<< [apiv2][status] GET https://firebase.googleapis.com/v1beta1/projects 200
[debug] [2022-10-03T12:01:34.609Z] <<< [apiv2][body] GET https://firebase.googleapis.com/v1beta1/projects [omitted]
[info] i  Using project lighting-mirrors (lighting-mirrors) 
[info] 
=== Firestore Setup
[debug] [2022-10-03T12:01:35.922Z] >>> [apiv2][query] GET https://serviceusage.googleapis.com/v1/projects/lighting-mirrors/services/firestore.googleapis.com [none]
[debug] [2022-10-03T12:01:35.922Z] >>> [apiv2][(partial)header] GET https://serviceusage.googleapis.com/v1/projects/lighting-mirrors/services/firestore.googleapis.com x-goog-quota-user=projects/lighting-mirrors
[debug] [2022-10-03T12:01:36.968Z] <<< [apiv2][status] GET https://serviceusage.googleapis.com/v1/projects/lighting-mirrors/services/firestore.googleapis.com 200
[debug] [2022-10-03T12:01:36.969Z] <<< [apiv2][body] GET https://serviceusage.googleapis.com/v1/projects/lighting-mirrors/services/firestore.googleapis.com [omitted]
[debug] [2022-10-03T12:01:36.969Z] >>> [apiv2][query] GET https://appengine.googleapis.com/v1/apps/lighting-mirrors [none]
[debug] [2022-10-03T12:01:37.460Z] <<< [apiv2][status] GET https://appengine.googleapis.com/v1/apps/lighting-mirrors 200
[debug] [2022-10-03T12:01:37.461Z] <<< [apiv2][body] GET https://appengine.googleapis.com/v1/apps/lighting-mirrors {"name":"apps/lighting-mirrors","id":"lighting-mirrors","authDomain":"gmail.com","locationId":"europe-central2","codeBucket":"staging.lighting-mirrors.appspot.com","servingStatus":"SERVING","defaultHostname":"lighting-mirrors.lm.r.appspot.com","defaultBucket":"lighting-mirrors.appspot.com","serviceAccount":"lighting-mirrors@appspot.gserviceaccount.com","gcrDomain":"eu.gcr.io","databaseType":"CLOUD_FIRESTORE","featureSettings":{"splitHealthChecks":true,"useContainerOptimizedOs":true}}
[debug] [2022-10-03T12:01:37.461Z] database_type: CLOUD_FIRESTORE
[debug] [2022-10-03T12:01:37.461Z] > command requires scopes: ["email","openid","https://www.googleapis.com/auth/cloudplatformprojects.readonly","https://www.googleapis.com/auth/firebase","https://www.googleapis.com/auth/cloud-platform"]
[debug] [2022-10-03T12:01:37.461Z] > authorizing via signed-in user (yogev@looka.app)
[debug] [2022-10-03T12:01:37.462Z] [iam] checking project lighting-mirrors for permissions ["firebase.projects.get"]
[debug] [2022-10-03T12:01:37.462Z] >>> [apiv2][query] POST https://cloudresourcemanager.googleapis.com/v1/projects/lighting-mirrors:testIamPermissions [none]
[debug] [2022-10-03T12:01:37.462Z] >>> [apiv2][(partial)header] POST https://cloudresourcemanager.googleapis.com/v1/projects/lighting-mirrors:testIamPermissions x-goog-quota-user=projects/lighting-mirrors
[debug] [2022-10-03T12:01:37.462Z] >>> [apiv2][body] POST https://cloudresourcemanager.googleapis.com/v1/projects/lighting-mirrors:testIamPermissions {"permissions":["firebase.projects.get"]}
[debug] [2022-10-03T12:01:38.315Z] <<< [apiv2][status] POST https://cloudresourcemanager.googleapis.com/v1/projects/lighting-mirrors:testIamPermissions 200
[debug] [2022-10-03T12:01:38.316Z] <<< [apiv2][body] POST https://cloudresourcemanager.googleapis.com/v1/projects/lighting-mirrors:testIamPermissions {"permissions":["firebase.projects.get"]}
[info] 
[info] Firestore Security Rules allow you to define how and when to allow
[info] requests. You can keep these rules in your project directory
[info] and publish them with firebase deploy.
[info] 
[debug] [2022-10-03T12:01:45.489Z] >>> [apiv2][query] GET https://firebaserules.googleapis.com/v1/projects/lighting-mirrors/releases pageSize=10&pageToken=
[debug] [2022-10-03T12:01:45.967Z] <<< [apiv2][status] GET https://firebaserules.googleapis.com/v1/projects/lighting-mirrors/releases 200
[debug] [2022-10-03T12:01:45.967Z] <<< [apiv2][body] GET https://firebaserules.googleapis.com/v1/projects/lighting-mirrors/releases {"releases":[{"name":"projects/lighting-mirrors/releases/cloud.firestore","rulesetName":"projects/lighting-mirrors/rulesets/e5001464-2f66-449b-a11a-f591f19f3612","createTime":"2022-10-03T11:58:40.245410Z","updateTime":"2022-10-03T11:58:40.245410Z"}]}
[debug] [2022-10-03T12:01:45.968Z] Found ruleset: projects/lighting-mirrors/rulesets/e5001464-2f66-449b-a11a-f591f19f3612
[debug] [2022-10-03T12:01:45.968Z] >>> [apiv2][query] GET https://firebaserules.googleapis.com/v1/projects/lighting-mirrors/rulesets/e5001464-2f66-449b-a11a-f591f19f3612 [none]
[debug] [2022-10-03T12:01:46.370Z] <<< [apiv2][status] GET https://firebaserules.googleapis.com/v1/projects/lighting-mirrors/rulesets/e5001464-2f66-449b-a11a-f591f19f3612 200
[debug] [2022-10-03T12:01:46.370Z] <<< [apiv2][body] GET https://firebaserules.googleapis.com/v1/projects/lighting-mirrors/rulesets/e5001464-2f66-449b-a11a-f591f19f3612 [omitted]
[info] 
[info] Firestore indexes allow you to perform complex queries while
[info] maintaining performance that scales with the size of the result
[info] set. You can keep index definitions in your project directory
[info] and publish them with firebase deploy.
[info] 
[debug] [2022-10-03T12:01:48.783Z] >>> [apiv2][query] GET https://firestore.googleapis.com/v1/projects/lighting-mirrors/databases/(default)/collectionGroups/-/indexes [none]
[debug] [2022-10-03T12:01:48.784Z] >>> [apiv2][query] GET https://firestore.googleapis.com/v1/projects/lighting-mirrors/databases/(default)/collectionGroups/-/fields?filter=indexConfig.usesAncestorConfig=false [none]
[debug] [2022-10-03T12:01:49.297Z] <<< [apiv2][status] GET https://firestore.googleapis.com/v1/projects/lighting-mirrors/databases/(default)/collectionGroups/-/fields?filter=indexConfig.usesAncestorConfig=false 200
[debug] [2022-10-03T12:01:49.297Z] <<< [apiv2][body] GET https://firestore.googleapis.com/v1/projects/lighting-mirrors/databases/(default)/collectionGroups/-/fields?filter=indexConfig.usesAncestorConfig=false {"fields":[{"name":"projects/lighting-mirrors/databases/(default)/collectionGroups/__default__/fields/*","indexConfig":{"indexes":[{"queryScope":"COLLECTION","fields":[{"fieldPath":"*","order":"ASCENDING"}],"state":"READY"},{"queryScope":"COLLECTION","fields":[{"fieldPath":"*","order":"DESCENDING"}],"state":"READY"},{"queryScope":"COLLECTION","fields":[{"fieldPath":"*","arrayConfig":"CONTAINS"}],"state":"READY"}]}}]}
[debug] [2022-10-03T12:01:49.298Z] <<< [apiv2][status] GET https://firestore.googleapis.com/v1/projects/lighting-mirrors/databases/(default)/collectionGroups/-/indexes 200
[debug] [2022-10-03T12:01:49.298Z] <<< [apiv2][body] GET https://firestore.googleapis.com/v1/projects/lighting-mirrors/databases/(default)/collectionGroups/-/indexes {}
[info] 
=== Functions Setup
[debug] [2022-10-03T12:01:49.299Z] > command requires scopes: ["email","openid","https://www.googleapis.com/auth/cloudplatformprojects.readonly","https://www.googleapis.com/auth/firebase","https://www.googleapis.com/auth/cloud-platform"]
[debug] [2022-10-03T12:01:49.299Z] > authorizing via signed-in user (yogev@looka.app)
[debug] [2022-10-03T12:01:49.299Z] [iam] checking project lighting-mirrors for permissions ["firebase.projects.get"]
[debug] [2022-10-03T12:01:49.299Z] >>> [apiv2][query] POST https://cloudresourcemanager.googleapis.com/v1/projects/lighting-mirrors:testIamPermissions [none]
[debug] [2022-10-03T12:01:49.299Z] >>> [apiv2][(partial)header] POST https://cloudresourcemanager.googleapis.com/v1/projects/lighting-mirrors:testIamPermissions x-goog-quota-user=projects/lighting-mirrors
[debug] [2022-10-03T12:01:49.299Z] >>> [apiv2][body] POST https://cloudresourcemanager.googleapis.com/v1/projects/lighting-mirrors:testIamPermissions {"permissions":["firebase.projects.get"]}
[debug] [2022-10-03T12:01:50.217Z] <<< [apiv2][status] POST https://cloudresourcemanager.googleapis.com/v1/projects/lighting-mirrors:testIamPermissions 200
[debug] [2022-10-03T12:01:50.217Z] <<< [apiv2][body] POST https://cloudresourcemanager.googleapis.com/v1/projects/lighting-mirrors:testIamPermissions {"permissions":["firebase.projects.get"]}
[debug] [2022-10-03T12:01:50.217Z] >>> [apiv2][query] GET https://serviceusage.googleapis.com/v1/projects/lighting-mirrors/services/cloudfunctions.googleapis.com [none]
[debug] [2022-10-03T12:01:50.218Z] >>> [apiv2][(partial)header] GET https://serviceusage.googleapis.com/v1/projects/lighting-mirrors/services/cloudfunctions.googleapis.com x-goog-quota-user=projects/lighting-mirrors
[debug] [2022-10-03T12:01:50.218Z] >>> [apiv2][query] GET https://serviceusage.googleapis.com/v1/projects/lighting-mirrors/services/runtimeconfig.googleapis.com [none]
[debug] [2022-10-03T12:01:50.218Z] >>> [apiv2][(partial)header] GET https://serviceusage.googleapis.com/v1/projects/lighting-mirrors/services/runtimeconfig.googleapis.com x-goog-quota-user=projects/lighting-mirrors
[debug] [2022-10-03T12:01:51.346Z] <<< [apiv2][status] GET https://serviceusage.googleapis.com/v1/projects/lighting-mirrors/services/runtimeconfig.googleapis.com 200
[debug] [2022-10-03T12:01:51.346Z] <<< [apiv2][body] GET https://serviceusage.googleapis.com/v1/projects/lighting-mirrors/services/runtimeconfig.googleapis.com [omitted]
[debug] [2022-10-03T12:01:51.347Z] <<< [apiv2][status] GET https://serviceusage.googleapis.com/v1/projects/lighting-mirrors/services/cloudfunctions.googleapis.com 200
[debug] [2022-10-03T12:01:51.347Z] <<< [apiv2][body] GET https://serviceusage.googleapis.com/v1/projects/lighting-mirrors/services/cloudfunctions.googleapis.com [omitted]
[debug] [2022-10-03T12:01:51.348Z] >>> [apiv2][query] POST https://serviceusage.googleapis.com/v1/projects/lighting-mirrors/services/cloudfunctions.googleapis.com:enable [none]
[debug] [2022-10-03T12:01:51.348Z] >>> [apiv2][(partial)header] POST https://serviceusage.googleapis.com/v1/projects/lighting-mirrors/services/cloudfunctions.googleapis.com:enable x-goog-quota-user=projects/lighting-mirrors
[debug] [2022-10-03T12:01:53.085Z] <<< [apiv2][status] POST https://serviceusage.googleapis.com/v1/projects/lighting-mirrors/services/cloudfunctions.googleapis.com:enable 200
[debug] [2022-10-03T12:01:53.085Z] <<< [apiv2][body] POST https://serviceusage.googleapis.com/v1/projects/lighting-mirrors/services/cloudfunctions.googleapis.com:enable [omitted]
[debug] [2022-10-03T12:02:03.087Z] >>> [apiv2][query] GET https://serviceusage.googleapis.com/v1/projects/lighting-mirrors/services/cloudfunctions.googleapis.com [none]
[debug] [2022-10-03T12:02:03.087Z] >>> [apiv2][(partial)header] GET https://serviceusage.googleapis.com/v1/projects/lighting-mirrors/services/cloudfunctions.googleapis.com x-goog-quota-user=projects/lighting-mirrors
[debug] [2022-10-03T12:02:04.145Z] <<< [apiv2][status] GET https://serviceusage.googleapis.com/v1/projects/lighting-mirrors/services/cloudfunctions.googleapis.com 200
[debug] [2022-10-03T12:02:04.146Z] <<< [apiv2][body] GET https://serviceusage.googleapis.com/v1/projects/lighting-mirrors/services/cloudfunctions.googleapis.com [omitted]
[info] Let's create a new codebase for your functions.
[info] A directory corresponding to the codebase will be created in your project
[info] with sample code pre-configured.

[info] See https://firebase.google.com/docs/functions/organize-functions for
[info] more information on organizing your functions using codebases.

[info] Functions can be deployed with firebase deploy.

[info] ✔  Wrote functions/package.json 
[info] ✔  Wrote functions/index.js 
[info] ✔  Wrote functions/.gitignore 
[info] 
=== Hosting Setup
[info] 
[info] Your public directory is the folder (relative to your project directory) that
[info] will contain Hosting assets to be uploaded with firebase deploy. If you
[info] have a build process for your assets, use your build's output directory.
[info] 
[debug] [2022-10-03T12:03:02.434Z] >>> [apiv2][query] GET https://www.gstatic.com/firebasejs/releases.json [none]
[debug] [2022-10-03T12:03:03.721Z] <<< [apiv2][status] GET https://www.gstatic.com/firebasejs/releases.json 200
[debug] [2022-10-03T12:03:03.721Z] <<< [apiv2][body] GET https://www.gstatic.com/firebasejs/releases.json {"current":{"version":"9.10.0","browserURL":"https://www.gstatic.com/firebasejs/9.10.0/firebase.js","packageURL":"https://www.gstatic.com/firebasejs/9.10.0/firebase.tgz"},"live":{"version":"9.10","browserURL":"https://www.gstatic.com/firebasejs/live/9.10/firebase.js","packageURL":"https://www.gstatic.com/firebasejs/live/9.10/firebase.tgz"},"components":{"analytics":"https://www.gstatic.com/firebasejs/9.10.0/firebase-analytics.js","app":"https://www.gstatic.com/firebasejs/9.10.0/firebase-app.js","app-check":"https://www.gstatic.com/firebasejs/9.10.0/firebase-app-check.js","auth":"https://www.gstatic.com/firebasejs/9.10.0/firebase-auth.js","auth/cordova":"https://www.gstatic.com/firebasejs/9.10.0/firebase-auth/cordova.js","auth/react-native":"https://www.gstatic.com/firebasejs/9.10.0/firebase-auth/react-native.js","functions":"https://www.gstatic.com/firebasejs/9.10.0/firebase-functions.js","firestore":"https://www.gstatic.com/firebasejs/9.10.0/firebase-firestore.js","firestore/lite":"https://www.gstatic.com/firebasejs/9.10.0/firebase-firestore/lite.js","installations":"https://www.gstatic.com/firebasejs/9.10.0/firebase-installations.js","storage":"https://www.gstatic.com/firebasejs/9.10.0/firebase-storage.js","performance":"https://www.gstatic.com/firebasejs/9.10.0/firebase-performance.js","remote-config":"https://www.gstatic.com/firebasejs/9.10.0/firebase-remote-config.js","messaging":"https://www.gstatic.com/firebasejs/9.10.0/firebase-messaging.js","messaging/sw":"https://www.gstatic.com/firebasejs/9.10.0/firebase-messaging/sw.js","database":"https://www.gstatic.com/firebasejs/9.10.0/firebase-database.js","firestore.memory":"https://www.gstatic.com/firebasejs/9.10.0/firebase-firestore.memory.js"}}
[info] ✔  Wrote y/index.html 
[info] 
[info] i  Detected a .git folder at /Users/yogeverez/apps 
[info] i  Authorizing with GitHub to upload your service account to a GitHub repository's secrets store. 
[info] 
[info] Visit this URL on this device to log in:
[info] https://github.com/login/oauth/authorize?client_id=89cf50f02ac6aaed3484&state=826294678&redirect_uri=http%3A%2F%2Flocalhost%3A9005&scope=read%3Auser%20repo%20public_repo
[info] 
[info] Waiting for authentication...
[debug] [2022-10-03T12:03:09.969Z] >>> [apiv2][query] POST https://github.com/login/oauth/access_token [none]
[debug] [2022-10-03T12:03:09.970Z] >>> [apiv2][body] POST https://github.com/login/oauth/access_token [stream]
[debug] [2022-10-03T12:03:10.360Z] <<< [apiv2][status] POST https://github.com/login/oauth/access_token 200
[debug] [2022-10-03T12:03:10.360Z] <<< [apiv2][body] POST https://github.com/login/oauth/access_token {"access_token":"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","token_type":"bearer","scope":"read:user,repo"}
[debug] [2022-10-03T12:03:10.365Z] >>> [apiv2][query] GET https://api.github.com/user [none]
[debug] [2022-10-03T12:03:10.804Z] <<< [apiv2][status] GET https://api.github.com/user 200
[debug] [2022-10-03T12:03:10.804Z] <<< [apiv2][body] GET https://api.github.com/user {"login":"yogeverez","id":5287020,"node_id":"MDQ6VXNlcjUyODcwMjA=","avatar_url":"https://avatars.githubusercontent.com/u/5287020?v=4","gravatar_id":"","url":"https://api.github.com/users/yogeverez","html_url":"https://github.com/yogeverez","followers_url":"https://api.github.com/users/yogeverez/followers","following_url":"https://api.github.com/users/yogeverez/following{/other_user}","gists_url":"https://api.github.com/users/yogeverez/gists{/gist_id}","starred_url":"https://api.github.com/users/yogeverez/starred{/owner}{/repo}","subscriptions_url":"https://api.github.com/users/yogeverez/subscriptions","organizations_url":"https://api.github.com/users/yogeverez/orgs","repos_url":"https://api.github.com/users/yogeverez/repos","events_url":"https://api.github.com/users/yogeverez/events{/privacy}","received_events_url":"https://api.github.com/users/yogeverez/received_events","type":"User","site_admin":false,"name":null,"company":null,"blog":"","location":null,"email":null,"hireable":null,"bio":null,"twitter_username":null,"public_repos":3,"public_gists":0,"followers":0,"following":0,"created_at":"2013-08-22T13:41:28Z","updated_at":"2022-03-09T09:09:01Z","private_gists":0,"total_private_repos":13,"owned_private_repos":13,"disk_usage":383972,"collaborators":2,"two_factor_authentication":false,"plan":{"name":"pro","space":976562499,"collaborators":0,"private_repos":9999}}
[info] 
[info] ✔  Success! Logged into GitHub as yogeverez 
[info] 
